<?xml version="1.0" encoding="UTF-8"?>
<testng-results ignored="0" total="1" passed="0" failed="1" skipped="0">
  <reporter-output>
  </reporter-output>
  <suite started-at="2024-11-25T10:35:55 IST" name="Default suite" finished-at="2024-11-25T10:36:05 IST" duration-ms="10993">
    <groups>
      <group name="cucumber">
        <method signature="AbstractTestNGCucumberTests.runScenario(io.cucumber.testng.PickleWrapper,io.cucumber.testng.FeatureWrapper)[pri:0, instance:testrunner.Testrunner@72cc7e6f]" name="runScenario" class="io.cucumber.testng.AbstractTestNGCucumberTests"/>
      </group> <!-- cucumber -->
    </groups>
    <test started-at="2024-11-25T10:35:55 IST" name="Default test" finished-at="2024-11-25T10:36:05 IST" duration-ms="10993">
      <class name="testrunner.Testrunner">
        <test-method is-config="true" signature="setUpClass(org.testng.ITestContext)[pri:0, instance:testrunner.Testrunner@72cc7e6f]" started-at="2024-11-25T10:35:55 IST" name="setUpClass" finished-at="2024-11-25T10:35:55 IST" duration-ms="775" status="PASS">
          <params>
            <param index="0">
              <value>
                <![CDATA[org.testng.TestRunner@61a1ea2c]]>
              </value>
            </param>
          </params>
          <reporter-output>
          </reporter-output>
        </test-method> <!-- setUpClass -->
        <test-method signature="runScenario(io.cucumber.testng.PickleWrapper,io.cucumber.testng.FeatureWrapper)[pri:0, instance:testrunner.Testrunner@72cc7e6f]" started-at="2024-11-25T10:35:55 IST" name="runScenario" description="Runs Cucumber Scenarios" data-provider="scenarios" finished-at="2024-11-25T10:36:05 IST" duration-ms="10130" status="FAIL">
          <params>
            <param index="0">
              <value>
                <![CDATA["facebook login with valid credentials"]]>
              </value>
            </param>
            <param index="1">
              <value>
                <![CDATA["Facebook login feature"]]>
              </value>
            </param>
          </params>
          <exception class="java.lang.AssertionError">
            <message>
              <![CDATA[expected [false] but found [true]]]>
            </message>
            <full-stacktrace>
              <![CDATA[java.lang.AssertionError: expected [false] but found [true]
at org.testng.Assert.fail(Assert.java:111)
at org.testng.Assert.failNotEquals(Assert.java:1578)
at org.testng.Assert.assertFalse(Assert.java:79)
at org.testng.Assert.assertFalse(Assert.java:89)
at Stepdefinition.login.user_navigated_to_homepage(login.java:43)
at âœ½.user navigated to homepage(file:///C:/Users/Vaibhav/eclipse-workspace/Z_BDDframework/src/test/resources/Features/login.feature:9)
]]>
            </full-stacktrace>
          </exception> <!-- java.lang.AssertionError -->
          <reporter-output>
          </reporter-output>
        </test-method> <!-- runScenario -->
        <test-method is-config="true" signature="tearDownClass()[pri:0, instance:testrunner.Testrunner@72cc7e6f]" started-at="2024-11-25T10:36:05 IST" name="tearDownClass" finished-at="2024-11-25T10:36:05 IST" duration-ms="30" status="PASS">
          <reporter-output>
          </reporter-output>
        </test-method> <!-- tearDownClass -->
      </class> <!-- testrunner.Testrunner -->
    </test> <!-- Default test -->
  </suite> <!-- Default suite -->
</testng-results>
