<?xml version="1.0" encoding="UTF-8"?>
<!-- Generated by org.testng.reporters.JUnitReportReporter -->
<testsuite hostname="LAPTOP-55932NHU" failures="1" tests="1" name="testrunner.Testrunner" time="10.130" errors="0" timestamp="2024-11-25T10:36:06 IST" skipped="0">
  <testcase classname="testrunner.Testrunner" name="runScenario" time="10.130">
    <failure message="expected [false] but found [true]" type="java.lang.AssertionError">
      <![CDATA[java.lang.AssertionError: expected [false] but found [true]
at org.testng.Assert.fail(Assert.java:111)
at org.testng.Assert.failNotEquals(Assert.java:1578)
at org.testng.Assert.assertFalse(Assert.java:79)
at org.testng.Assert.assertFalse(Assert.java:89)
at Stepdefinition.login.user_navigated_to_homepage(login.java:43)
at âœ½.user navigated to homepage(file:///C:/Users/Vaibhav/eclipse-workspace/Z_BDDframework/src/test/resources/Features/login.feature:9)
]]>
    </failure>
  </testcase> <!-- runScenario -->
</testsuite> <!-- testrunner.Testrunner -->
